<?xml version="1.0" encoding="UTF-8"?>
<beans xmlns="http://www.springframework.org/schema/beans"
	xmlns:xsi="http://www.w3.org/2001/XMLSchema-instance"
	xmlns:p="http://www.springframework.org/schema/p"
	xsi:schemaLocation="http://www.springframework.org/schema/beans http://www.springframework.org/schema/beans/spring-beans-2.5.xsd">
	<bean id="job1" name="job1" class="org.imirsel.nema.model.Job">
	 <property name="id" value="100L"/>
	 <property name="name" value="job1"/>
	 <property name="description" value="this is the first mock job"/>
	 <property name="statusCode" value="1"/> 
	</bean>
	
	<bean id="job2" name="job2" class="org.imirsel.nema.model.Job">
	 <property name="id" value="5000L"/>
	 <property name="name" value="job2"/>
	 <property name="description" value="second mock job"/>
	 <property name="statusCode" value="4"/> 
	</bean>
	
	<bean id="job3" name="job3" class="org.imirsel.nema.model.Job">
	 <property name="id" value="5001L"/>
	 <property name="name" value="job3"/>
	 <property name="description" value=" mock job #3"/>
	 <property name="statusCode" value="3"/> 
	 <property name="results">
	  	<set>
	  	 <ref bean="result1"/>
	  	 <ref bean="result2"/>
	  	</set>
	 </property>
	</bean>
	
	<bean id="jobResult1" name="result1" class="org.imirsel.nema.model.JobResult"
	 p:url="http://mock.nema.lis.illinois.edu/result1"
	 p:job-ref="job3"
	 p:id="1"/>
	
	<bean id="jobResult2" name="result2" class="org.imirsel.nema.model.JobResult"
	 p:url="http://mock.nema.lis.illinois.edu/result2"
	 p:job-ref="job3"
	 p:id="2"/>
	 
	 <bean id="user" name="user" class="org.imirsel.nema.model.User"
	 p:id="100L"
	 p:name="userA"
	 />
</beans>
